<?xml version="1.0" encoding="UTF-8"?>
<!-- Generated by org.testng.reporters.JUnitXMLReporter -->
<testsuite ignored="0" hostname="LAPTOP-FE8I8AGL" failures="0" tests="4" name="Default test" time="1.22" errors="0" timestamp="2024-05-13T19:10:31 IST">
  <testcase classname="com.qa.flights.base.BaseTest" name="@BeforeTest setUp" time="-1.715607630281E9">
    <failure type="org.testng.TestNGException" message="
Parameter &amp;apos;Browser&amp;apos; is required by BeforeTest on method setUp but has not been marked @Optional or defined
in C:\Users\kumar\AppData\Local\Temp\testng-eclipse--1095998496\testng-customsuite.xml">
      <![CDATA[org.testng.TestNGException: 
Parameter 'Browser' is required by BeforeTest on method setUp but has not been marked @Optional or defined
in C:\Users\kumar\AppData\Local\Temp\testng-eclipse--1095998496\testng-customsuite.xml
at org.testng.internal.Parameters.createParams(Parameters.java:267)
at org.testng.internal.Parameters.createParametersForMethod(Parameters.java:355)
at org.testng.internal.Parameters.createParameters(Parameters.java:684)
at org.testng.internal.Parameters.createConfigurationParameters(Parameters.java:166)
at org.testng.internal.invokers.ConfigInvoker.invokeConfigurations(ConfigInvoker.java:306)
at org.testng.TestRunner.invokeTestConfigurations(TestRunner.java:663)
at org.testng.TestRunner.beforeRun(TestRunner.java:652)
at org.testng.TestRunner.run(TestRunner.java:614)
at org.testng.SuiteRunner.runTest(SuiteRunner.java:443)
at org.testng.SuiteRunner.runSequentially(SuiteRunner.java:437)
at org.testng.SuiteRunner.privateRun(SuiteRunner.java:397)
at org.testng.SuiteRunner.run(SuiteRunner.java:336)
at org.testng.SuiteRunnerWorker.runSuite(SuiteRunnerWorker.java:52)
at org.testng.SuiteRunnerWorker.run(SuiteRunnerWorker.java:95)
at org.testng.TestNG.runSuitesSequentially(TestNG.java:1280)
at org.testng.TestNG.runSuitesLocally(TestNG.java:1200)
at org.testng.TestNG.runSuites(TestNG.java:1114)
at org.testng.TestNG.run(TestNG.java:1082)
at org.testng.remote.AbstractRemoteTestNG.run(AbstractRemoteTestNG.java:115)
at org.testng.remote.RemoteTestNG.initAndRun(RemoteTestNG.java:293)
at org.testng.remote.RemoteTestNG.main(RemoteTestNG.java:91)
]]>
    </failure>
  </testcase> <!-- @BeforeTest setUp -->
  <testcase classname="com.qa.flights.tests.ItinerariesPageTest" name="@BeforeClass itinerariesPageSetUp" time="0.0">
    <skipped/>
  </testcase> <!-- @BeforeClass itinerariesPageSetUp -->
  <testcase classname="com.qa.flights.base.BaseTest" name="@AfterTest tearDown" time="0.0">
    <skipped/>
  </testcase> <!-- @AfterTest tearDown -->
  <testcase classname="com.qa.flights.tests.ItinerariesPageTest" name="getItinerariesTitleTest" time="0.0">
    <skipped/>
  </testcase> <!-- getItinerariesTitleTest -->
  <testcase classname="com.qa.flights.tests.ItinerariesPageTest" name="userInfoDisplayTest" time="0.0">
    <skipped/>
  </testcase> <!-- userInfoDisplayTest -->
  <testcase classname="com.qa.flights.tests.ItinerariesPageTest" name="clickBackTest" time="0.0">
    <skipped/>
  </testcase> <!-- clickBackTest -->
  <testcase classname="com.qa.flights.tests.ItinerariesPageTest" name="verifyBackToHomeTest" time="0.001">
    <skipped/>
  </testcase> <!-- verifyBackToHomeTest -->
</testsuite> <!-- Default test -->
